<?xml version="1.0" encoding="UTF-8"?>
<testng-results skipped="0" failed="0" ignored="0" total="2" passed="2">
  <reporter-output>
  </reporter-output>
  <suite name="Suite" duration-ms="65814" started-at="2020-01-06T22:06:08 IST" finished-at="2020-01-06T22:07:13 IST">
    <groups>
    </groups>
    <test name="Test" duration-ms="65814" started-at="2020-01-06T22:06:08 IST" finished-at="2020-01-06T22:07:13 IST">
      <class name="com.selenium.maven.MavenProject2.Sample">
        <test-method status="PASS" signature="test2()[pri:0, instance:com.selenium.maven.MavenProject2.Sample@4b4523f8]" name="test2" duration-ms="47486" started-at="2020-01-06T22:06:08 IST" finished-at="2020-01-06T22:06:55 IST">
          <reporter-output>
          </reporter-output>
        </test-method> <!-- test2 -->
      </class> <!-- com.selenium.maven.MavenProject2.Sample -->
      <class name="com.selenium.maven.MavenProject2.Demo">
        <test-method status="PASS" signature="test1()[pri:0, instance:com.selenium.maven.MavenProject2.Demo@731a74c]" name="test1" duration-ms="18250" started-at="2020-01-06T22:06:55 IST" finished-at="2020-01-06T22:07:13 IST">
          <reporter-output>
          </reporter-output>
        </test-method> <!-- test1 -->
      </class> <!-- com.selenium.maven.MavenProject2.Demo -->
    </test> <!-- Test -->
  </suite> <!-- Suite -->
</testng-results>
